mingw32-make.exe all --print-data-base --no-builtin-variables --no-builtin-rules --question
# GNU Make 4.3
# Built for Windows32
# Copyright (C) 1988-2020 Free Software Foundation, Inc.
# License GPLv3+: GNU GPL version 3 or later <http://gnu.org/licenses/gpl.html>
# This is free software: you are free to change and redistribute it.
# There is NO WARRANTY, to the extent permitted by law.
 

# Make data base, printed on Sun Nov 14 11:05:17 2021

# Variables

# environment
SYSTEMDRIVE = C:
# environment
LC_ALL = C
# environment
USERPROFILE = C:\Users\Marcelo
# environment
VBOX_MSI_INSTALL_PATH = C:\Program Files\Oracle\VirtualBox\
# environment
LOCALAPPDATA = C:\Users\Marcelo\AppData\Local
# environment
VSCODE_IPC_HOOK_EXTHOST = \\.\pipe\vscode-ipc-89b5c08a-1744-44cc-bed2-6e1e26c3e6a3-sock
# environment
VSCODE_CWD = C:\Users\Marcelo\AppData\Local\Programs\Microsoft VS Code
# environment
CARBON_MEM_DISABLE = 1
# environment
SYSTEMROOT = C:\WINDOWS
# environment
PROCESSOR_LEVEL = 6
# environment
PSMODULEPATH = C:\WINDOWS\system32\WindowsPowerShell\v1.0\Modules\
# default
MAKE_COMMAND := mingw32-make.exe
# automatic
@D = $(patsubst %/,%,$(patsubst %\,%,$(dir $@)))
# environment
CHROME_CRASHPAD_PIPE_NAME = \\.\pipe\crashpad_15288_JIZDOMANPNPIZNET
# environment
VSCODE_HANDLES_UNCAUGHT_ERRORS = true
# default
.VARIABLES := 
# automatic
%D = $(patsubst %/,%,$(patsubst %\,%,$(dir $%)))
# automatic
^D = $(patsubst %/,%,$(patsubst %\,%,$(dir $^)))
# environment
VSCODE_LOG_STACK = false
# automatic
%F = $(notdir $%)
# environment
VSCODE_CODE_CACHE_PATH = C:\Users\Marcelo\AppData\Roaming\Code\CachedData\b3318bc0524af3d74034b8bb8a64df0ccf35549a
# environment
LANG = C
# environment
OMP_NUM_THREADS = 4
# default
.LOADED := 
# environment
TMP = C:\Users\Marcelo\AppData\Local\Temp
# default
.INCLUDE_DIRS = .
# makefile
MAKEFLAGS = pqrR
# environment
ONEDRIVE = C:\Users\Marcelo\OneDrive
# makefile
CURDIR := e:/PC Rogue/PC-Rogue
# environment
VSCODE_PIPE_LOGGING = true
# environment
APPLICATION_INSIGHTS_NO_DIAGNOSTIC_CHANNEL = true
# automatic
*D = $(patsubst %/,%,$(patsubst %\,%,$(dir $*)))
# environment
PROGRAMFILES = C:\Program Files
# environment
MFLAGS = -pqrR
# default
.SHELLFLAGS := -c
# environment
COMMONPROGRAMW6432 = C:\Program Files\Common Files
# automatic
+D = $(patsubst %/,%,$(patsubst %\,%,$(dir $+)))
# makefile (from 'Makefile', line 1)
MAKEFILE_LIST := Makefile
# automatic
@F = $(notdir $@)
# environment
VSCODE_VERBOSE_LOGGING = true
# environment
VSCODE_PID = 15288
# automatic
?D = $(patsubst %/,%,$(patsubst %\,%,$(dir $?)))
# automatic
*F = $(notdir $*)
# automatic
<D = $(patsubst %/,%,$(patsubst %\,%,$(dir $<)))
# environment
VSCODE_NLS_CONFIG = {"locale":"pt-br","availableLanguages":{"*":"pt-br"},"_languagePackId":"7c628789074797d26a32c85596440fb2.pt-br","_translationsConfigFile":"C:\\Users\\Marcelo\\AppData\\Roaming\\Code\\clp\\7c628789074797d26a32c85596440fb2.pt-br\\tcf.json","_cacheRoot":"C:\\Users\\Marcelo\\AppData\\Roaming\\Code\\clp\\7c628789074797d26a32c85596440fb2.pt-br","_resolvedLanguagePackCoreLocation":"C:\\Users\\Marcelo\\AppData\\Roaming\\Code\\clp\\7c628789074797d26a32c85596440fb2.pt-br\\b3318bc0524af3d74034b8bb8a64df0ccf35549a","_corruptedFile":"C:\\Users\\Marcelo\\AppData\\Roaming\\Code\\clp\\7c628789074797d26a32c85596440fb2.pt-br\\corrupted.info","_languagePackSupport":true}
# environment
ONEDRIVECONSUMER = C:\Users\Marcelo\OneDrive
# default
MAKE_HOST := Windows32
# environment
PROGRAMDATA = C:\ProgramData
# default
SHELL := sh.exe
# environment
CLASSPATH = .;C:\Program Files (x86)\QuickTime\QTSystem\QTJava.zip
# environment
HOMEPATH = \Users\Marcelo
# default
MAKECMDGOALS := all
# environment
DRIVERDATA = C:\Windows\System32\Drivers\DriverData
# environment
COMSPEC = C:\WINDOWS\system32\cmd.exe
# environment
WINDIR = C:\WINDOWS
# environment
MAKELEVEL := 0
# environment
SSLKEYLOGFILE = C:\Users\Marcelo\SSLKEYLOGFILE\sslkey.log
# environment
QTJAVA = C:\Program Files (x86)\QuickTime\QTSystem\QTJava.zip
# default
MAKE = $(MAKE_COMMAND)
# environment
PATH = C:\msys64\mingw64\bin;C:\Users\Marcelo\AppData\Local\Programs\Python\Python37-32;C:\Users\Marcelo\AppData\Local\Programs\Python\Python37-32\Library\mingw-w64\bin;C:\Users\Marcelo\AppData\Local\Programs\Python\Python37-32\Library\usr\bin;C:\Users\Marcelo\AppData\Local\Programs\Python\Python37-32\Library\bin;C:\Users\Marcelo\AppData\Local\Programs\Python\Python37-32\Scripts;C:\Windows\System32;C:\Windows;C:\Windows\System32\wbem;C:\Windows\System32\WindowsPowerShell\v1.0\;C:\Program Files\Dell\DW WLAN Card;C:\Program Files\WIDCOMM\Bluetooth Software\;C:\Program Files\WIDCOMM\Bluetooth Software\syswow64;C:\Program Files (x86)\PICC;C:\Program Files\Common Files\Autodesk Shared\;C:\Program Files (x86)\QuickTime\QTSystem\;C:\Program Files (x86)\Windows Live\Shared;C:\WINDOWS\system32;C:\WINDOWS;C:\WINDOWS\System32\Wbem;C:\WINDOWS\System32\WindowsPowerShell\v1.0\;C:\WINDOWS\System32\OpenSSH\;C:\Program Files (x86)\Common Files\Oracle\Java\javapath;C:\ProgramData\Oracle\Java\javapath;C:\msys64\mingw64\bin;C:\Users\Marcelo\AppData\Local\Programs\Python\Python37\Scripts\;C:\Users\Marcelo\AppData\Local\Programs\Python\Python37\;C:\Users\Marcelo\AppData\Local\Programs\Python\Python38\Scripts\;C:\Users\Marcelo\AppData\Local\Programs\Python\Python38\;C:\Program Files (x86)\Bitvise SSH Client;C:\Users\Marcelo\AppData\Local\Microsoft\WindowsApps;C:\Users\Marcelo\Anaconda3\pkgs\graphviz-2.38-hfd603c8_2\Library\bin\graphviz;C:\Users\Marcelo\AppData\Local\GitHubDesktop\bin;C:\Users\Marcelo\AppData\Local\Programs\Microsoft VS Code\bin;C:\Users\Marcelo\AppData\Local\Microsoft\WindowsApps;
# environment
COMPUTERNAME = MARCELO-PC
# default
MAKEFILES := 
# automatic
^F = $(notdir $^)
# environment
NIEXTCCOMPILERSUPP = C:\Program Files (x86)\National Instruments\Shared\ExternalCompilerSupport\C\
# environment
PROMPT = $P$G
# environment
LOGONSERVER = \\MARCELO-PC
# environment
VSCODE_LOG_NATIVE = false
# environment
USERNAME = Marcelo
# environment
COMMONPROGRAMFILES = C:\Program Files\Common Files
# automatic
?F = $(notdir $?)
# environment
PROGRAMW6432 = C:\Program Files
# environment
PATHEXT = .COM;.EXE;.BAT;.CMD;.VBS;.VBE;.JS;.JSE;.WSF;.WSH;.MSC
# automatic
+F = $(notdir $+)
# environment
SRFPROG = C:\Program Files (x86)\Texas Instruments\SmartRF Tools\Flash Programmer\bin
# environment
ORIGINAL_XDG_CURRENT_DESKTOP = undefined
# environment
USERDOMAIN = MARCELO-PC
# 'override' directive
GNUMAKEFLAGS := 
# environment
OS = Windows_NT
# environment
FP_NO_HOST_CHECK = NO
# makefile
.DEFAULT_GOAL := all
# default
MAKE_VERSION := 4.3
# environment
PROGRAMFILES(X86) = C:\Program Files (x86)
# environment
USERDOMAIN_ROAMINGPROFILE = MARCELO-PC
# environment
NUMBER_OF_PROCESSORS = 4
# environment
PUBLIC = C:\Users\Public
# environment
APPDATA = C:\Users\Marcelo\AppData\Roaming
# environment
HOMEDRIVE = C:
# environment
PROCESSOR_ARCHITECTURE = AMD64
# environment
VSCODE_AMD_ENTRYPOINT = vs/workbench/services/extensions/node/extensionHostProcess
# environment
COMMONPROGRAMFILES(X86) = C:\Program Files (x86)\Common Files
# environment
ELECTRON_RUN_AS_NODE = 1
# environment
TEMP = C:\Users\Marcelo\AppData\Local\Temp
# environment
VSCODE_IPC_HOOK = \\.\pipe\07b5fbdebe22d32c4bf9a1ae0ddeb89a-1.62.0-main-sock
# default
.RECIPEPREFIX := 
# automatic
<F = $(notdir $<)
# default
SUFFIXES := 
# environment
ALLUSERSPROFILE = C:\ProgramData
# environment
SESSIONNAME = Console
# default
.FEATURES := target-specific order-only second-expansion else-if shortest-stem undefine oneshell nocomment grouped-target extra-prereqs archives jobserver output-sync load
# environment
PROCESSOR_REVISION = 2505
# environment
PROCESSOR_IDENTIFIER = Intel64 Family 6 Model 37 Stepping 5, GenuineIntel
# variable set hash-table stats:
# Load=101/1024=10%, Rehash=0, Collisions=9/131=7%

# Pattern-specific Variable Values

# No pattern-specific variable values.

# Directories

# . (key e:/PC Rogue/PC-Rogue, mtime 1636898707): 35 files, no impossibilities.

# 35 files, no impossibilities in 1 directories.

# Implicit Rules

# No implicit rules.

# Files

# Not a target:
graficos.c:
#  Implicit rule search has not been done.
#  Modification time never checked.
#  File has not been updated.

# Not a target:
auxiliares.c:
#  Implicit rule search has not been done.
#  Modification time never checked.
#  File has not been updated.

# Not a target:
iniciajogo.c:
#  Implicit rule search has not been done.
#  Modification time never checked.
#  File has not been updated.

# Not a target:
carregajogo_Eliani.c:
#  Implicit rule search has not been done.
#  Modification time never checked.
#  File has not been updated.

auxiliares.o: auxiliares.c
#  Implicit rule search has not been done.
#  Modification time never checked.
#  File has not been updated.
#  recipe to execute (from 'Makefile', line 9):
	gcc -Wall -g -c auxiliares.c

getinput.o: getinput.c
#  Implicit rule search has not been done.
#  Modification time never checked.
#  File has not been updated.
#  recipe to execute (from 'Makefile', line 15):
	gcc -Wall -g -c getinput.c

# Not a target:
Makefile:
#  Implicit rule search has been done.
#  Last modified 2021-11-14 11:03:54
#  File has been updated.
#  Successfully updated.

inimigo_Lucas.o: inimigo_Lucas.c
#  Implicit rule search has not been done.
#  Modification time never checked.
#  File has not been updated.
#  recipe to execute (from 'Makefile', line 39):
	gcc -Wall -g -c inimigo_Lucas.c

heroi.o: heroi.c
#  Implicit rule search has not been done.
#  Modification time never checked.
#  File has not been updated.
#  recipe to execute (from 'Makefile', line 36):
	gcc -Wall -g -c heroi.c

iniciajogo.o: iniciajogo.c
#  Implicit rule search has not been done.
#  Modification time never checked.
#  File has not been updated.
#  recipe to execute (from 'Makefile', line 18):
	gcc -Wall -g -c iniciajogo.c

# Not a target:
heroi.c:
#  Implicit rule search has not been done.
#  Modification time never checked.
#  File has not been updated.

# Not a target:
getinput.c:
#  Implicit rule search has not been done.
#  Modification time never checked.
#  File has not been updated.

# Not a target:
inicio.c:
#  Implicit rule search has not been done.
#  Modification time never checked.
#  File has not been updated.

inicio.o: inicio.c
#  Implicit rule search has not been done.
#  Modification time never checked.
#  File has not been updated.
#  recipe to execute (from 'Makefile', line 21):
	gcc -Wall -g -c inicio.c

clear:
#  Implicit rule search has not been done.
#  Modification time never checked.
#  File has not been updated.
#  recipe to execute (from 'Makefile', line 42):
	rm -f PC-Rogue.exe main.o auxiliares.o carregajogo_Eliani.o getinput.o iniciajogo.o inicio.o mainmenu.o

mainmenu.o: mainmenu.c
#  Implicit rule search has not been done.
#  Modification time never checked.
#  File has not been updated.
#  recipe to execute (from 'Makefile', line 24):
	gcc -Wall -g -c mainmenu.c

# Not a target:
.DEFAULT:
#  Implicit rule search has not been done.
#  Modification time never checked.
#  File has not been updated.

all: main.o auxiliares.o carregajogo_Eliani.o getinput.o iniciajogo.o inicio.o mainmenu.o mapa_Claudinei.o gameover.o graficos.o heroi.o inimigo_Lucas.o
#  Command line target.
#  Implicit rule search has not been done.
#  File does not exist.
#  File has been updated.
#  Needs to be updated (-q is set).
# variable set hash-table stats:
# Load=0/32=0%, Rehash=0, Collisions=0/3=0%
#  recipe to execute (from 'Makefile', line 2):
	windres icon.rc -O coff -o icon.o
	gcc -Wall -g main.o auxiliares.o carregajogo_Eliani.o getinput.o iniciajogo.o inicio.o mainmenu.o icon.o mapa_Claudinei.o gameover.o graficos.o heroi.o inimigo_Lucas.o -o PC-Rogue.exe

# Not a target:
main.c:
#  Implicit rule search has been done.
#  Last modified 2021-11-14 10:24:29
#  File has been updated.
#  Successfully updated.

# Not a target:
inimigo_Lucas.c:
#  Implicit rule search has not been done.
#  Modification time never checked.
#  File has not been updated.

# Not a target:
mainmenu.c:
#  Implicit rule search has not been done.
#  Modification time never checked.
#  File has not been updated.

# Not a target:
carregajogo_Eliani.o:
#  Implicit rule search has not been done.
#  Modification time never checked.
#  File has not been updated.

main.o: main.c
#  Implicit rule search has not been done.
#  Implicit/static pattern stem: ''
#  File does not exist.
#  File has been updated.
#  Needs to be updated (-q is set).
# automatic
# @ := main.o
# automatic
# * := 
# automatic
# < := main.c
# automatic
# + := main.c
# automatic
# % := 
# automatic
# ^ := main.c
# automatic
# ? := main.c
# automatic
# | := 
# variable set hash-table stats:
# Load=8/32=25%, Rehash=0, Collisions=1/11=9%
#  recipe to execute (from 'Makefile', line 6):
	gcc -Wall -g -c main.c

graficos.o: graficos.c
#  Implicit rule search has not been done.
#  Modification time never checked.
#  File has not been updated.
#  recipe to execute (from 'Makefile', line 33):
	gcc -Wall -g -c graficos.c

mapa_Claudinei.o: mapa_Claudinei.c
#  Implicit rule search has not been done.
#  Modification time never checked.
#  File has not been updated.
#  recipe to execute (from 'Makefile', line 27):
	gcc -Wall -g -c mapa_Claudinei.c

# Not a target:
mapa_Claudinei.c:
#  Implicit rule search has not been done.
#  Modification time never checked.
#  File has not been updated.

gameover.o: gameover.c
#  Implicit rule search has not been done.
#  Modification time never checked.
#  File has not been updated.
#  recipe to execute (from 'Makefile', line 30):
	gcc -Wall -g -c gameover.c

# Not a target:
.SUFFIXES:
#  Implicit rule search has not been done.
#  Modification time never checked.
#  File has not been updated.

carregajogo.o: carregajogo_Eliani.c
#  Implicit rule search has not been done.
#  Modification time never checked.
#  File has not been updated.
#  recipe to execute (from 'Makefile', line 12):
	gcc -Wall -g -c carregajogo_Eliani.c

# Not a target:
gameover.c:
#  Implicit rule search has not been done.
#  Modification time never checked.
#  File has not been updated.

# files hash-table stats:
# Load= 
30/1024=3%, Rehash=0, Collisions=0/77=0%
# VPATH Search Paths

# No 'vpath' search paths.

# No general ('VPATH' variable) search path.

# strcache buffers: 1 (0) / strings = 52 / storage = 569 B / avg = 10 B
# current buf: size = 8162 B / used = 569 B / count = 52 / avg = 10 B

# strcache performance: lookups = 95 / hit rate = 45%
# hash-table stats:
# Load=52/8192=1%, Rehash=0, Collisions=0/95=0%
# Finished Make data base on Sun Nov 14 11:05:17 2021

 
